<?xml version="1.0" encoding="UTF-8"?>
<testsuite name="com.nuclearfoxes.app.ApplicationTest" tests="1" skipped="0" failures="0" errors="0" timestamp="2020-11-15T17:39:47" hostname="ZHEKUSON" time="0.968">
  <properties/>
  <testcase name="launchAppTest()" classname="com.nuclearfoxes.app.ApplicationTest" time="0.968"/>
  <system-out><![CDATA[
  .   ____          _            __ _ _
 /\\ / ___'_ __ _ _(_)_ __  __ _ \ \ \ \
( ( )\___ | '_ | '_| | '_ \/ _` | \ \ \ \
 \\/  ___)| |_)| | | | | || (_| |  ) ) ) )
  '  |____| .__|_| |_|_| |_\__, | / / / /
 =========|_|==============|___/=/_/_/_/
 :: Spring Boot ::                (v2.4.0)

2020-11-15 20:39:48.137  INFO 24328 --- [    Test worker] o.s.boot.SpringApplication               : Starting application using Java 11.0.2 on Zhekuson with PID 24328 (started by Zhekuson in C:\TheGreatestProjectsOfMyLife\OlympPortal)
2020-11-15 20:39:48.140  INFO 24328 --- [    Test worker] o.s.boot.SpringApplication               : No active profile set, falling back to default profiles: default
2020-11-15 20:39:48.587  INFO 24328 --- [    Test worker] o.s.boot.SpringApplication               : Started application in 0.806 seconds (JVM running for 1.942)
]]></system-out>
  <system-err><![CDATA[]]></system-err>
</testsuite>
